<?xml version="1.0" encoding="UTF-8"?>
<robot generator="Robot 7.4.1 (Python 3.13.2 on win32)" generated="2025-12-28T18:24:10.536679" rpa="false" schemaversion="5">
<suite id="s1" name="UAT Lab04 002 empty phone" source="C:\Users\Asus\TestAutomationLab\tests\UAT_Lab04_002_empty_phone.robot">
<kw name="Open Registration" owner="resource" type="SETUP">
<kw name="Open Browser" owner="SeleniumLibrary">
<msg time="2025-12-28T18:24:11.157704" level="INFO">Opening browser 'chrome' to base url 'http://localhost:7272/StarterFiles/Registration.html'.</msg>
<arg>${URL_REG}</arg>
<arg>${BROWSER}</arg>
<doc>Opens a new browser instance to the optional ``url``.</doc>
<status status="PASS" start="2025-12-28T18:24:11.157082" elapsed="1.886338"/>
</kw>
<kw name="Maximize Browser Window" owner="SeleniumLibrary">
<doc>Maximizes current browser window.</doc>
<status status="PASS" start="2025-12-28T18:24:13.044283" elapsed="0.051612"/>
</kw>
<kw name="Wait Until Page Contains" owner="SeleniumLibrary">
<arg>Workshop Registration</arg>
<arg>5s</arg>
<doc>Waits until ``text`` appears on the current page.</doc>
<status status="PASS" start="2025-12-28T18:24:13.097145" elapsed="0.047502"/>
</kw>
<kw name="Title Should Be" owner="SeleniumLibrary">
<msg time="2025-12-28T18:24:13.163537" level="INFO">Page title is 'Registration'.</msg>
<arg>Registration</arg>
<doc>Verifies that the current page title equals ``title``.</doc>
<status status="PASS" start="2025-12-28T18:24:13.145191" elapsed="0.018636"/>
</kw>
<status status="PASS" start="2025-12-28T18:24:11.155860" elapsed="2.008198"/>
</kw>
<test id="s1-t1" name="UAT_Lab04_002_Empty_Phone" line="8">
<kw name="Go Registration" owner="resource">
<kw name="Go To" owner="SeleniumLibrary">
<msg time="2025-12-28T18:24:13.166961" level="INFO">Opening url 'http://localhost:7272/StarterFiles/Registration.html'</msg>
<arg>${URL_REG}</arg>
<doc>Navigates the current browser window to the provided ``url``.</doc>
<status status="PASS" start="2025-12-28T18:24:13.166582" elapsed="0.041531"/>
</kw>
<kw name="Wait Until Page Contains" owner="SeleniumLibrary">
<arg>Workshop Registration</arg>
<arg>15s</arg>
<doc>Waits until ``text`` appears on the current page.</doc>
<status status="PASS" start="2025-12-28T18:24:13.208532" elapsed="0.020648"/>
</kw>
<kw name="Title Should Be" owner="SeleniumLibrary">
<msg time="2025-12-28T18:24:13.243905" level="INFO">Page title is 'Registration'.</msg>
<arg>Registration</arg>
<doc>Verifies that the current page title equals ``title``.</doc>
<status status="PASS" start="2025-12-28T18:24:13.230022" elapsed="0.014172"/>
</kw>
<status status="PASS" start="2025-12-28T18:24:13.165556" elapsed="0.078932"/>
</kw>
<kw name="Clear Form" owner="resource">
<kw name="Clear Element Text" owner="SeleniumLibrary">
<arg>id=firstname</arg>
<doc>Clears the value of the text-input-element identified by ``locator``.</doc>
<status status="PASS" start="2025-12-28T18:24:13.246466" elapsed="0.118767"/>
</kw>
<kw name="Clear Element Text" owner="SeleniumLibrary">
<arg>id=lastname</arg>
<doc>Clears the value of the text-input-element identified by ``locator``.</doc>
<status status="PASS" start="2025-12-28T18:24:13.365792" elapsed="0.070993"/>
</kw>
<kw name="Clear Element Text" owner="SeleniumLibrary">
<arg>id=organization</arg>
<doc>Clears the value of the text-input-element identified by ``locator``.</doc>
<status status="PASS" start="2025-12-28T18:24:13.437217" elapsed="0.067380"/>
</kw>
<kw name="Clear Element Text" owner="SeleniumLibrary">
<arg>id=email</arg>
<doc>Clears the value of the text-input-element identified by ``locator``.</doc>
<status status="PASS" start="2025-12-28T18:24:13.505098" elapsed="0.108405"/>
</kw>
<kw name="Clear Element Text" owner="SeleniumLibrary">
<arg>id=phone</arg>
<doc>Clears the value of the text-input-element identified by ``locator``.</doc>
<status status="PASS" start="2025-12-28T18:24:13.614041" elapsed="0.094934"/>
</kw>
<status status="PASS" start="2025-12-28T18:24:13.245379" elapsed="0.464045"/>
</kw>
<kw name="Fill Form" owner="resource">
<kw name="Run Keyword If" owner="BuiltIn">
<kw name="Input Text" owner="SeleniumLibrary">
<msg time="2025-12-28T18:24:13.716670" level="INFO">Typing text 'Somyod' into text field 'id=firstname'.</msg>
<arg>id=firstname</arg>
<arg>${fn}</arg>
<doc>Types the given ``text`` into the text field identified by ``locator``.</doc>
<status status="PASS" start="2025-12-28T18:24:13.715955" elapsed="0.222277"/>
</kw>
<arg>'${fn}' != '${EMPTY}'</arg>
<arg>Input Text</arg>
<arg>id=firstname</arg>
<arg>${fn}</arg>
<doc>Runs the given keyword with the given arguments, if ``condition`` is true.</doc>
<status status="PASS" start="2025-12-28T18:24:13.712692" elapsed="0.225862"/>
</kw>
<kw name="Run Keyword If" owner="BuiltIn">
<kw name="Input Text" owner="SeleniumLibrary">
<msg time="2025-12-28T18:24:13.942080" level="INFO">Typing text 'Sodsai' into text field 'id=lastname'.</msg>
<arg>id=lastname</arg>
<arg>${ln}</arg>
<doc>Types the given ``text`` into the text field identified by ``locator``.</doc>
<status status="PASS" start="2025-12-28T18:24:13.941483" elapsed="0.194317"/>
</kw>
<arg>'${ln}' != '${EMPTY}'</arg>
<arg>Input Text</arg>
<arg>id=lastname</arg>
<arg>${ln}</arg>
<doc>Runs the given keyword with the given arguments, if ``condition`` is true.</doc>
<status status="PASS" start="2025-12-28T18:24:13.939088" elapsed="0.196969"/>
</kw>
<kw name="Run Keyword If" owner="BuiltIn">
<kw name="Input Text" owner="SeleniumLibrary">
<msg time="2025-12-28T18:24:14.139230" level="INFO">Typing text 'CS KKU' into text field 'id=organization'.</msg>
<arg>id=organization</arg>
<arg>${org}</arg>
<doc>Types the given ``text`` into the text field identified by ``locator``.</doc>
<status status="PASS" start="2025-12-28T18:24:14.138681" elapsed="0.133917"/>
</kw>
<arg>'${org}' != '${EMPTY}'</arg>
<arg>Input Text</arg>
<arg>id=organization</arg>
<arg>${org}</arg>
<doc>Runs the given keyword with the given arguments, if ``condition`` is true.</doc>
<status status="PASS" start="2025-12-28T18:24:14.136498" elapsed="0.136367"/>
</kw>
<kw name="Run Keyword If" owner="BuiltIn">
<kw name="Input Text" owner="SeleniumLibrary">
<msg time="2025-12-28T18:24:14.276119" level="INFO">Typing text 'somyod@kkumail.com' into text field 'id=email'.</msg>
<arg>id=email</arg>
<arg>${email}</arg>
<doc>Types the given ``text`` into the text field identified by ``locator``.</doc>
<status status="PASS" start="2025-12-28T18:24:14.275548" elapsed="0.181313"/>
</kw>
<arg>'${email}' != '${EMPTY}'</arg>
<arg>Input Text</arg>
<arg>id=email</arg>
<arg>${email}</arg>
<doc>Runs the given keyword with the given arguments, if ``condition`` is true.</doc>
<status status="PASS" start="2025-12-28T18:24:14.273599" elapsed="0.183515"/>
</kw>
<kw name="Run Keyword If" owner="BuiltIn">
<arg>'${phone}' != '${EMPTY}'</arg>
<arg>Input Text</arg>
<arg>id=phone</arg>
<arg>${phone}</arg>
<doc>Runs the given keyword with the given arguments, if ``condition`` is true.</doc>
<status status="PASS" start="2025-12-28T18:24:14.457512" elapsed="0.001687"/>
</kw>
<arg>${FN}</arg>
<arg>${LN}</arg>
<arg>${ORG}</arg>
<arg>${EMAIL}</arg>
<arg>${EMPTY}</arg>
<status status="PASS" start="2025-12-28T18:24:13.710514" elapsed="0.748896"/>
</kw>
<kw name="Submit" owner="resource">
<kw name="Click Button" owner="SeleniumLibrary">
<msg time="2025-12-28T18:24:14.461541" level="INFO">Clicking button 'id=registerButton'.</msg>
<arg>id=registerButton</arg>
<doc>Clicks the button identified by ``locator``.</doc>
<status status="PASS" start="2025-12-28T18:24:14.461184" elapsed="0.178967"/>
</kw>
<status status="PASS" start="2025-12-28T18:24:14.460497" elapsed="0.179944"/>
</kw>
<kw name="Error Should Be" owner="resource">
<kw name="Element Text Should Be" owner="SeleniumLibrary">
<msg time="2025-12-28T18:24:14.642489" level="INFO">Verifying element 'id=errors' contains exact text '*Please enter your phone number!!'.</msg>
<arg>id=errors</arg>
<arg>${msg}</arg>
<doc>Verifies that element ``locator`` contains exact the text ``expected``.</doc>
<status status="PASS" start="2025-12-28T18:24:14.642000" elapsed="0.046270"/>
</kw>
<arg>*Please enter your phone number!!</arg>
<status status="PASS" start="2025-12-28T18:24:14.641302" elapsed="0.047776"/>
</kw>
<kw name="Sleep" owner="BuiltIn">
<msg time="2025-12-28T18:24:24.690773" level="INFO">Slept 10 seconds.</msg>
<arg>10s</arg>
<doc>Pauses the test executed for the given time.</doc>
<status status="PASS" start="2025-12-28T18:24:14.689652" elapsed="10.001756"/>
</kw>
<status status="PASS" start="2025-12-28T18:24:13.164255" elapsed="11.528017"/>
</test>
<kw name="Close Browser" owner="SeleniumLibrary" type="TEARDOWN">
<doc>Closes the current browser.</doc>
<status status="PASS" start="2025-12-28T18:24:24.694394" elapsed="2.314341"/>
</kw>
<status status="PASS" start="2025-12-28T18:24:10.540423" elapsed="16.468485"/>
</suite>
<statistics>
<total>
<stat pass="1" fail="0" skip="0">All Tests</stat>
</total>
<tag>
</tag>
<suite>
<stat name="UAT Lab04 002 empty phone" id="s1" pass="1" fail="0" skip="0">UAT Lab04 002 empty phone</stat>
</suite>
</statistics>
<errors>
</errors>
</robot>
